<?xml version="1.0" encoding="UTF-8"?>
<testng-results skipped="0" failed="0" total="1" passed="1">
  <reporter-output>
  </reporter-output>
  <suite name="TestCI" duration-ms="23544" started-at="2014-12-07T19:07:14Z" finished-at="2014-12-07T19:07:38Z">
    <groups>
    </groups>
    <test name="Command line test" duration-ms="23544" started-at="2014-12-07T19:07:14Z" finished-at="2014-12-07T19:07:38Z">
      <class name="TestCI">
        <test-method status="PASS" signature="FirstTest()[pri:0, instance:TestCI@62ecd2de]" name="FirstTest" duration-ms="23529" started-at="2014-12-08T00:37:14Z" finished-at="2014-12-08T00:37:38Z">
          <reporter-output>
          </reporter-output>
        </test-method> <!-- FirstTest -->
      </class> <!-- TestCI -->
    </test> <!-- Command line test -->
  </suite> <!-- TestCI -->
</testng-results>
